<?xml version="1.0" encoding="utf-8"?><testsuites name="pytest tests"><testsuite name="pytest" errors="0" failures="0" skipped="0" tests="15" time="12.468" timestamp="2026-03-18T09:43:36.992011+00:00" hostname="agent-env-e2de9cae-4fbe-4ff9-b11d-05f89879dcfa"><testcase classname="backend.tests.test_blog_ideation.TestHealth" name="test_health" time="0.254" /><testcase classname="backend.tests.test_blog_ideation.TestSourceAPIs" name="test_repo_sources_returns_data" time="0.104" /><testcase classname="backend.tests.test_blog_ideation.TestSourceAPIs" name="test_repo_sources_returns_30" time="0.106" /><testcase classname="backend.tests.test_blog_ideation.TestSourceAPIs" name="test_repo_source_fields" time="0.103" /><testcase classname="backend.tests.test_blog_ideation.TestSourceAPIs" name="test_arxiv_sources" time="0.105" /><testcase classname="backend.tests.test_blog_ideation.TestSourceAPIs" name="test_rss_sources" time="0.135" /><testcase classname="backend.tests.test_blog_ideation.TestSourceAPIs" name="test_all_sources" time="0.168" /><testcase classname="backend.tests.test_blog_ideation.TestDraftsCRUD" name="test_list_drafts_empty_or_existing" time="0.133" /><testcase classname="backend.tests.test_blog_ideation.TestDraftsCRUD" name="test_save_draft" time="0.135" /><testcase classname="backend.tests.test_blog_ideation.TestDraftsCRUD" name="test_get_draft" time="0.099" /><testcase classname="backend.tests.test_blog_ideation.TestDraftsCRUD" name="test_update_draft" time="0.284" /><testcase classname="backend.tests.test_blog_ideation.TestDraftsCRUD" name="test_delete_draft" time="0.201" /><testcase classname="backend.tests.test_blog_ideation.TestIdeationValidation" name="test_ideate_no_sources_returns_400" time="0.099" /><testcase classname="backend.tests.test_blog_ideation.TestIdeationValidation" name="test_ideate_invalid_mode_returns_400" time="0.109" /><testcase classname="backend.tests.test_blog_ideation.TestIdeationValidation" name="test_ideate_ideas_mode" time="10.330" /></testsuite></testsuites>